<?xml version="1.0" encoding="UTF-8"?>
<!-- Generated by org.testng.reporters.JUnitReportReporter -->
<testsuite hostname="DESKTOP-I0203RF" failures="0" tests="1" name="TestRunner" time="90.049" errors="0" timestamp="8 Apr 2021 08:23:34 GMT">
  <testcase classname="TestRunner" name="feature" time="90.049"/>
</testsuite> <!-- TestRunner -->
